# JRE version: OpenJDK Runtime Environment Temurin-23.0.1+11 (23.0.1+11) (build 23.0.1+11)
# Java VM: OpenJDK 64-Bit Server VM Temurin-23.0.1+11 (23.0.1+11, mixed mode, sharing, tiered, compressed oops, compressed class ptrs, g1 gc, windows-amd64)
GC Precious Log:
 CardTable entry size: 512
 Card Set container configuration: InlinePtr #cards 5 size 8 Array Of Cards #cards 10 size 36 Howl #buckets 4 coarsen threshold 1843 Howl Bitmap #cards 512 size 80 coarsen threshold 460 Card regions per heap region 1 cards per card region 2048
 CPUs: 4 total, 4 available
 Memory: 8107M
 Large Page Support: Disabled
 NUMA Support: Disabled
 Compressed Oops: Enabled (32-bit)
 Heap Region Size: 1M
 Heap Min Capacity: 8M
 Heap Initial Capacity: 128M
 Heap Max Capacity: 2028M
 Pre-touch: Disabled
 Parallel Workers: 4
 Concurrent Workers: 1
 Concurrent Refinement Workers: 4
 Periodic GC: Disabled
Heap:
 garbage-first heap   total reserved 2076672K, committed 131072K, used 53601K [0x0000000081400000, 0x0000000100000000)
  region size 1024K, 47 young (48128K), 5 survivors (5120K)
 Metaspace       used 16398K, committed 16640K, reserved 1114112K
  class space    used 1978K, committed 2048K, reserved 1048576K
GC Heap History (9 events):
Event: 1.212 GC heap before
{Heap before GC invocations=0 (full 0):
 garbage-first heap   total reserved 2076672K, committed 131072K, used 13312K [0x0000000081400000, 0x0000000100000000)
  region size 1024K, 14 young (14336K), 0 survivors (0K)
 Metaspace       used 4112K, committed 4224K, reserved 1114112K
  class space    used 447K, committed 512K, reserved 1048576K
}
Event: 1.220 GC heap after
{Heap after GC invocations=1 (full 0):
 garbage-first heap   total reserved 2076672K, committed 131072K, used 3221K [0x0000000081400000, 0x0000000100000000)
  region size 1024K, 2 young (2048K), 2 survivors (2048K)
 Metaspace       used 4112K, committed 4224K, reserved 1114112K
  class space    used 447K, committed 512K, reserved 1048576K
}
Event: 1.708 GC heap before
{Heap before GC invocations=1 (full 0):
 garbage-first heap   total reserved 2076672K, committed 131072K, used 16533K [0x0000000081400000, 0x0000000100000000)
  region size 1024K, 15 young (15360K), 2 survivors (2048K)
 Metaspace       used 6309K, committed 6528K, reserved 1114112K
  class space    used 778K, committed 896K, reserved 1048576K
}
Event: 1.714 GC heap after
{Heap after GC invocations=2 (full 0):
 garbage-first heap   total reserved 2076672K, committed 131072K, used 4213K [0x0000000081400000, 0x0000000100000000)
  region size 1024K, 1 young (1024K), 1 survivors (1024K)
 Metaspace       used 6309K, committed 6528K, reserved 1114112K
  class space    used 778K, committed 896K, reserved 1048576K
}
Event: 2.983 GC heap before
{Heap before GC invocations=2 (full 0):
 garbage-first heap   total reserved 2076672K, committed 131072K, used 38005K [0x0000000081400000, 0x0000000100000000)
  region size 1024K, 34 young (34816K), 1 survivors (1024K)
 Metaspace       used 11700K, committed 11904K, reserved 1114112K
  class space    used 1457K, committed 1536K, reserved 1048576K
}
Event: 2.990 GC heap after
{Heap after GC invocations=3 (full 0):
 garbage-first heap   total reserved 2076672K, committed 131072K, used 6438K [0x0000000081400000, 0x0000000100000000)
  region size 1024K, 3 young (3072K), 3 survivors (3072K)
 Metaspace       used 11700K, committed 11904K, reserved 1114112K
  class space    used 1457K, committed 1536K, reserved 1048576K
}
Event: 4.574 GC heap before
{Heap before GC invocations=3 (full 0):
 garbage-first heap   total reserved 2076672K, committed 131072K, used 45350K [0x0000000081400000, 0x0000000100000000)
  region size 1024K, 41 young (41984K), 3 survivors (3072K)
 Metaspace       used 15561K, committed 15808K, reserved 1114112K
  class space    used 1904K, committed 1984K, reserved 1048576K
}
Event: 4.596 GC heap after
{Heap after GC invocations=4 (full 0):
 garbage-first heap   total reserved 2076672K, committed 131072K, used 10593K [0x0000000081400000, 0x0000000100000000)
  region size 1024K, 6 young (6144K), 6 survivors (6144K)
 Metaspace       used 15561K, committed 15808K, reserved 1114112K
  class space    used 1904K, committed 1984K, reserved 1048576K
}
Event: 5.598 GC heap before
{Heap before GC invocations=4 (full 0):
 garbage-first heap   total reserved 2076672K, committed 131072K, used 53601K [0x0000000081400000, 0x0000000100000000)
  region size 1024K, 48 young (49152K), 6 survivors (6144K)
 Metaspace       used 16398K, committed 16640K, reserved 1114112K
  class space    used 1978K, committed 2048K, reserved 1048576K
}

